<?xml version="1.0" encoding="UTF-8"?>
<testng-results ignored="0" total="1" passed="1" failed="0" skipped="0">
  <reporter-output>
    <line>
      <![CDATA[====Connection successful=====]]>
    </line>
    <line>
      <![CDATA[TY_PROJ_8603]]>
    </line>
    <line>
      <![CDATA[=====connection closed====]]>
    </line>
  </reporter-output>
  <suite started-at="2022-08-11T11:06:42 IST" name="Default suite" finished-at="2022-08-11T11:06:43 IST" duration-ms="1498">
    <groups>
    </groups>
    <test started-at="2022-08-11T11:06:42 IST" name="Default test" finished-at="2022-08-11T11:06:43 IST" duration-ms="1498">
      <class name="EndToEndSceanrios.CreateProjectVerifyInDatabase">
        <test-method is-config="true" signature="bsConfig()[pri:0, instance:EndToEndSceanrios.CreateProjectVerifyInDatabase@18d87d80]" started-at="2022-08-11T11:06:41 IST" name="bsConfig" finished-at="2022-08-11T11:06:42 IST" duration-ms="810" status="PASS">
          <reporter-output>
            <line>
              <![CDATA[====Connection successful=====]]>
            </line>
          </reporter-output>
        </test-method> <!-- bsConfig -->
        <test-method signature="createPVerifyInDB()[pri:0, instance:EndToEndSceanrios.CreateProjectVerifyInDatabase@18d87d80]" started-at="2022-08-11T11:06:42 IST" name="createPVerifyInDB" finished-at="2022-08-11T11:06:43 IST" duration-ms="1476" status="PASS">
          <reporter-output>
            <line>
              <![CDATA[TY_PROJ_8603]]>
            </line>
          </reporter-output>
        </test-method> <!-- createPVerifyInDB -->
        <test-method is-config="true" signature="asConfig()[pri:0, instance:EndToEndSceanrios.CreateProjectVerifyInDatabase@18d87d80]" started-at="2022-08-11T11:06:43 IST" name="asConfig" finished-at="2022-08-11T11:06:43 IST" duration-ms="8" status="PASS">
          <reporter-output>
            <line>
              <![CDATA[=====connection closed====]]>
            </line>
          </reporter-output>
        </test-method> <!-- asConfig -->
      </class> <!-- EndToEndSceanrios.CreateProjectVerifyInDatabase -->
    </test> <!-- Default test -->
  </suite> <!-- Default suite -->
</testng-results>
